<?xml version="1.0" encoding="UTF-8"?>
<testng-results ignored="0" total="1" passed="1" failed="0" skipped="0">
  <reporter-output>
  </reporter-output>
  <suite started-at="2023-01-10T11:50:50Z" name="Default suite" finished-at="2023-01-10T11:51:13Z" duration-ms="23446">
    <groups>
    </groups>
    <test started-at="2023-01-10T11:50:50Z" name="Default test" finished-at="2023-01-10T11:51:13Z" duration-ms="23446">
      <class name="browserProgram.NewBrowser">
        <test-method signature="Browser()[pri:0, instance:browserProgram.NewBrowser@6057aebb]" started-at="2023-01-10T11:50:50Z" name="Browser" finished-at="2023-01-10T11:51:13Z" duration-ms="23403" status="PASS">
          <reporter-output>
          </reporter-output>
        </test-method> <!-- Browser -->
      </class> <!-- browserProgram.NewBrowser -->
    </test> <!-- Default test -->
  </suite> <!-- Default suite -->
</testng-results>
